<?xml version="1.0" encoding="UTF-8"?>
<testng-results ignored="0" total="1" passed="1" failed="0" skipped="0">
  <reporter-output>
  </reporter-output>
  <suite started-at="2024-09-25T18:49:47 EEST" name="Automation Test Report" finished-at="2024-09-25T18:50:03 EEST" duration-ms="16171">
    <groups>
      <group name="cucumber">
        <method signature="AbstractTestNGCucumberTests.runScenario(io.cucumber.testng.PickleWrapper,io.cucumber.testng.FeatureWrapper)[pri:0, instance:Runners.TestNG.RunDelasportTest@7c9d8e2]" name="runScenario" class="io.cucumber.testng.AbstractTestNGCucumberTests"/>
      </group> <!-- cucumber -->
    </groups>
    <test started-at="2024-09-25T18:49:47 EEST" name="Delasport Test" finished-at="2024-09-25T18:50:03 EEST" duration-ms="16171">
      <class name="Runners.TestNG.RunDelasportTest">
        <test-method is-config="true" signature="initTestNG()[pri:0, instance:Runners.TestNG.RunDelasportTest@7c9d8e2]" started-at="2024-09-25T18:49:47 EEST" name="initTestNG" finished-at="2024-09-25T18:49:47 EEST" duration-ms="13" status="PASS">
          <reporter-output>
          </reporter-output>
        </test-method> <!-- initTestNG -->
        <test-method is-config="true" signature="setUpClass(org.testng.ITestContext)[pri:0, instance:Runners.TestNG.RunDelasportTest@7c9d8e2]" started-at="2024-09-25T18:49:47 EEST" name="setUpClass" finished-at="2024-09-25T18:49:48 EEST" duration-ms="387" status="PASS">
          <params>
            <param index="0">
              <value>
                <![CDATA[org.testng.TestRunner@6cd28fa7]]>
              </value>
            </param>
          </params>
          <reporter-output>
          </reporter-output>
        </test-method> <!-- setUpClass -->
        <test-method signature="runScenario(io.cucumber.testng.PickleWrapper,io.cucumber.testng.FeatureWrapper)[pri:0, instance:Runners.TestNG.RunDelasportTest@7c9d8e2]" started-at="2024-09-25T18:49:48 EEST" name="runScenario" description="Runs Cucumber Scenarios" data-provider="scenarios" finished-at="2024-09-25T18:50:03 EEST" duration-ms="15339" status="PASS">
          <params>
            <param index="0">
              <value>
                <![CDATA["Verify balance on Sports Page Header"]]>
              </value>
            </param>
            <param index="1">
              <value>
                <![CDATA["Sports Page Testing"]]>
              </value>
            </param>
          </params>
          <reporter-output>
          </reporter-output>
        </test-method> <!-- runScenario -->
        <test-method is-config="true" signature="writeExtentReport()[pri:0, instance:Runners.TestNG.RunDelasportTest@7c9d8e2]" started-at="2024-09-25T18:50:03 EEST" name="writeExtentReport" finished-at="2024-09-25T18:50:03 EEST" duration-ms="0" status="PASS">
          <reporter-output>
          </reporter-output>
        </test-method> <!-- writeExtentReport -->
        <test-method is-config="true" signature="tearDownClass()[pri:0, instance:Runners.TestNG.RunDelasportTest@7c9d8e2]" started-at="2024-09-25T18:50:03 EEST" name="tearDownClass" finished-at="2024-09-25T18:50:03 EEST" duration-ms="402" status="PASS">
          <reporter-output>
          </reporter-output>
        </test-method> <!-- tearDownClass -->
      </class> <!-- Runners.TestNG.RunDelasportTest -->
    </test> <!-- Delasport Test -->
  </suite> <!-- Automation Test Report -->
</testng-results>
